<?xml version="1.0" encoding="UTF-8"?>
<!-- Generated by org.testng.reporters.JUnitReportReporter -->
<testsuite hostname="LAPTOP-UILFKUPE" failures="0" tests="2" name="cucumber.TestNGTestRunner" time="33.913" errors="0" timestamp="2022-12-12T16:00:32 GMT-06:00" skipped="0">
  <testcase classname="cucumber.TestNGTestRunner" name="runScenario" time="20.775"/>
  <system-out/>
  <testcase classname="cucumber.TestNGTestRunner" name="runScenario" time="13.138"/>
  <system-out/>
</testsuite> <!-- cucumber.TestNGTestRunner -->
